<?xml version="1.0" encoding="UTF-8"?>
<!-- Generated by org.testng.reporters.JUnitReportReporter -->
<testsuite hostname="DESKTOP-1LV8K5I" failures="0" tests="1" name="com.practo.tests.TestHomePage" time="36.526" errors="0" timestamp="2021-03-22T18:36:54 IST" skipped="0">
  <testcase classname="com.practo.tests.TestHomePage" name="TC_FH_006" time="36.526"/>
  <system-out/>
</testsuite> <!-- com.practo.tests.TestHomePage -->
