<?xml version="1.0" encoding="UTF-8"?>
<!-- Generated by org.testng.reporters.JUnitReportReporter -->
<testsuite hostname="DESKTOP-1LV8K5I" failures="0" tests="1" name="com.practo.tests.TestHomePage" time="11.072" errors="0" timestamp="2021-03-23T09:49:42 IST" skipped="0">
  <testcase classname="com.practo.tests.TestHomePage" name="TC_FH_009" time="11.072"/>
  <system-out/>
</testsuite> <!-- com.practo.tests.TestHomePage -->
