<?xml version="1.0" encoding="UTF-8"?>
<!-- Generated by org.testng.reporters.JUnitReportReporter -->
<testsuite hostname="DESKTOP-1LV8K5I" failures="0" tests="1" name="com.practo.tests.TestCases" time="113.671" errors="0" timestamp="2021-03-25T14:13:03 IST" skipped="0">
  <testcase classname="com.practo.tests.TestCases" name="TC_FH_007" time="113.671"/>
  <system-out/>
</testsuite> <!-- com.practo.tests.TestCases -->
