<?xml version="1.0" encoding="UTF-8"?>
<!-- Generated by org.testng.reporters.JUnitReportReporter -->
<testsuite hostname="DESKTOP-1LV8K5I" failures="0" tests="1" name="com.practo.tests.TestHomePage" time="2.620" errors="0" timestamp="2021-03-17T17:57:23 IST" skipped="0">
  <testcase classname="com.practo.tests.TestHomePage" name="demo" time="2.620"/>
  <system-out/>
</testsuite> <!-- com.practo.tests.TestHomePage -->
