<?xml version="1.0" encoding="UTF-8"?>
<!-- Generated by org.testng.reporters.JUnitReportReporter -->
<testsuite hostname="DESKTOP-1LV8K5I" failures="0" tests="1" name="com.practo.tests.TestHomePage" time="102.314" errors="0" timestamp="2021-03-18T13:20:40 IST" skipped="0">
  <testcase classname="com.practo.tests.TestHomePage" name="TC_FH_002" time="102.314"/>
  <system-out/>
</testsuite> <!-- com.practo.tests.TestHomePage -->
